2026-05-24T14:12:03.342+05:30  INFO 1368 --- [workforce] [restartedMain] com.workforce.WorkforceApplication       : Starting WorkforceApplication using Java 21.0.6 with PID 1368 (D:\projects\workforce\backend\target\classes started by Omkar in D:\projects\workforce\backend)
2026-05-24T14:12:03.352+05:30  INFO 1368 --- [workforce] [restartedMain] com.workforce.WorkforceApplication       : No active profile set, falling back to 1 default profile: "default"
2026-05-24T14:12:03.430+05:30  INFO 1368 --- [workforce] [restartedMain] .e.DevToolsPropertyDefaultsPostProcessor : Devtools property defaults active! Set 'spring.devtools.add-properties' to 'false' to disable
2026-05-24T14:12:03.430+05:30  INFO 1368 --- [workforce] [restartedMain] .e.DevToolsPropertyDefaultsPostProcessor : For additional web related logging consider setting the 'logging.level.web' property to 'DEBUG'
2026-05-24T14:12:06.371+05:30  INFO 1368 --- [workforce] [restartedMain] .s.d.r.c.RepositoryConfigurationDelegate : Bootstrapping Spring Data JPA repositories in DEFAULT mode.
2026-05-24T14:12:06.748+05:30  INFO 1368 --- [workforce] [restartedMain] .s.d.r.c.RepositoryConfigurationDelegate : Finished Spring Data repository scanning in 355 ms. Found 17 JPA repository interfaces.
2026-05-24T14:12:09.872+05:30  INFO 1368 --- [workforce] [restartedMain] o.s.b.w.embedded.tomcat.TomcatWebServer  : Tomcat initialized with port 9076 (http)
2026-05-24T14:12:09.930+05:30  INFO 1368 --- [workforce] [restartedMain] o.apache.catalina.core.StandardService   : Starting service [Tomcat]
2026-05-24T14:12:09.932+05:30  INFO 1368 --- [workforce] [restartedMain] o.apache.catalina.core.StandardEngine    : Starting Servlet engine: [Apache Tomcat/10.1.52]
2026-05-24T14:12:10.309+05:30  INFO 1368 --- [workforce] [restartedMain] o.a.c.c.C.[Tomcat].[localhost].[/]       : Initializing Spring embedded WebApplicationContext
2026-05-24T14:12:10.309+05:30  INFO 1368 --- [workforce] [restartedMain] w.s.c.ServletWebServerApplicationContext : Root WebApplicationContext: initialization completed in 6879 ms
2026-05-24T14:12:11.624+05:30  INFO 1368 --- [workforce] [restartedMain] o.hibernate.jpa.internal.util.LogHelper  : HHH000204: Processing PersistenceUnitInfo [name: default]
2026-05-24T14:12:11.767+05:30  INFO 1368 --- [workforce] [restartedMain] org.hibernate.Version                    : HHH000412: Hibernate ORM core version 6.6.44.Final
2026-05-24T14:12:11.857+05:30  INFO 1368 --- [workforce] [restartedMain] o.h.c.internal.RegionFactoryInitiator    : HHH000026: Second-level cache disabled
2026-05-24T14:12:12.622+05:30  INFO 1368 --- [workforce] [restartedMain] o.s.o.j.p.SpringPersistenceUnitInfo      : No LoadTimeWeaver setup: ignoring JPA class transformer
2026-05-24T14:12:12.698+05:30  INFO 1368 --- [workforce] [restartedMain] com.zaxxer.hikari.HikariDataSource       : HikariPool-1 - Starting...
2026-05-24T14:12:13.273+05:30  INFO 1368 --- [workforce] [restartedMain] com.zaxxer.hikari.pool.HikariPool        : HikariPool-1 - Added connection org.postgresql.jdbc.PgConnection@59fb16f2
2026-05-24T14:12:13.277+05:30  INFO 1368 --- [workforce] [restartedMain] com.zaxxer.hikari.HikariDataSource       : HikariPool-1 - Start completed.
2026-05-24T14:12:13.517+05:30  INFO 1368 --- [workforce] [restartedMain] org.hibernate.orm.connections.pooling    : HHH10001005: Database info:
	Database JDBC URL [Connecting through datasource 'HikariDataSource (HikariPool-1)']
	Database driver: undefined/unknown
	Database version: 17.7
	Autocommit mode: undefined/unknown
	Isolation level: undefined/unknown
	Minimum pool size: undefined/unknown
	Maximum pool size: undefined/unknown
2026-05-24T14:12:17.239+05:30  INFO 1368 --- [workforce] [restartedMain] o.h.e.t.j.p.i.JtaPlatformInitiator       : HHH000489: No JTA platform available (set 'hibernate.transaction.jta.platform' to enable JTA platform integration)
2026-05-24T14:12:17.965+05:30  INFO 1368 --- [workforce] [restartedMain] j.LocalContainerEntityManagerFactoryBean : Initialized JPA EntityManagerFactory for persistence unit 'default'
2026-05-24T14:12:19.943+05:30  INFO 1368 --- [workforce] [restartedMain] o.s.d.j.r.query.QueryEnhancerFactory     : Hibernate is in classpath; If applicable, HQL parser will be used.
2026-05-24T14:12:24.835+05:30  INFO 1368 --- [workforce] [restartedMain] r$InitializeUserDetailsManagerConfigurer : Global AuthenticationManager configured with UserDetailsService bean with name userDetailsService
2026-05-24T14:12:26.121+05:30  INFO 1368 --- [workforce] [restartedMain] o.s.b.d.a.OptionalLiveReloadServer       : LiveReload server is running on port 35729
2026-05-24T14:12:26.216+05:30  INFO 1368 --- [workforce] [restartedMain] o.s.b.w.embedded.tomcat.TomcatWebServer  : Tomcat started on port 9076 (http) with context path '/'
2026-05-24T14:12:26.240+05:30  INFO 1368 --- [workforce] [restartedMain] com.workforce.WorkforceApplication       : Started WorkforceApplication in 23.562 seconds (process running for 24.645)
2026-05-24T14:17:15.160+05:30  INFO 1368 --- [workforce] [http-nio-9076-exec-1] o.a.c.c.C.[Tomcat].[localhost].[/]       : Initializing Spring DispatcherServlet 'dispatcherServlet'
2026-05-24T14:17:15.173+05:30  INFO 1368 --- [workforce] [http-nio-9076-exec-1] o.s.web.servlet.DispatcherServlet        : Initializing Servlet 'dispatcherServlet'
2026-05-24T14:17:15.277+05:30  INFO 1368 --- [workforce] [http-nio-9076-exec-1] o.s.web.servlet.DispatcherServlet        : Completed initialization in 102 ms
2026-05-24T14:17:16.893+05:30  INFO 1368 --- [workforce] [http-nio-9076-exec-1] com.workforce.aspect.LoggingAspect       : SERVICE STARTED :: List com.workforce.service.impl.EmployerServiceImpl.getAll()
2026-05-24T14:17:16.893+05:30  INFO 1368 --- [workforce] [http-nio-9076-exec-3] com.workforce.aspect.LoggingAspect       : SERVICE STARTED :: List com.workforce.service.impl.ApplicationServiceImpl.getAll()
2026-05-24T14:17:16.893+05:30  INFO 1368 --- [workforce] [http-nio-9076-exec-10] com.workforce.aspect.LoggingAspect       : SERVICE STARTED :: List com.workforce.service.impl.PlacementServiceImpl.getAll()
2026-05-24T14:17:16.893+05:30  INFO 1368 --- [workforce] [http-nio-9076-exec-2] com.workforce.aspect.LoggingAspect       : SERVICE STARTED :: List com.workforce.service.impl.JobSeekerServiceImpl.getAll()
2026-05-24T14:17:17.385+05:30  INFO 1368 --- [workforce] [http-nio-9076-exec-1] com.workforce.aspect.LoggingAspect       : CONTROLLER SUCCESS :: ResponseEntity com.workforce.controller.EmployerController.list()
2026-05-24T14:17:17.385+05:30  INFO 1368 --- [workforce] [http-nio-9076-exec-10] com.workforce.aspect.LoggingAspect       : CONTROLLER SUCCESS :: ResponseEntity com.workforce.controller.PlacementController.list()
2026-05-24T14:17:17.385+05:30  INFO 1368 --- [workforce] [http-nio-9076-exec-3] com.workforce.aspect.LoggingAspect       : CONTROLLER SUCCESS :: ResponseEntity com.workforce.controller.ApplicationController.list()
2026-05-24T14:17:17.385+05:30  INFO 1368 --- [workforce] [http-nio-9076-exec-2] com.workforce.aspect.LoggingAspect       : CONTROLLER SUCCESS :: ResponseEntity com.workforce.controller.JobSeekerController.list()
2026-05-24T14:17:17.471+05:30  INFO 1368 --- [workforce] [http-nio-9076-exec-4] com.workforce.aspect.LoggingAspect       : SERVICE STARTED :: List com.workforce.service.impl.EmployerServiceImpl.getAll()
2026-05-24T14:17:17.471+05:30  INFO 1368 --- [workforce] [http-nio-9076-exec-5] com.workforce.aspect.LoggingAspect       : SERVICE STARTED :: List com.workforce.service.impl.JobSeekerServiceImpl.getAll()
2026-05-24T14:17:17.478+05:30  INFO 1368 --- [workforce] [http-nio-9076-exec-7] com.workforce.aspect.LoggingAspect       : SERVICE STARTED :: List com.workforce.service.impl.ApplicationServiceImpl.getAll()
2026-05-24T14:17:17.478+05:30  INFO 1368 --- [workforce] [http-nio-9076-exec-6] com.workforce.aspect.LoggingAspect       : SERVICE STARTED :: List com.workforce.service.impl.PlacementServiceImpl.getAll()
2026-05-24T14:17:17.493+05:30  INFO 1368 --- [workforce] [http-nio-9076-exec-7] com.workforce.aspect.LoggingAspect       : CONTROLLER SUCCESS :: ResponseEntity com.workforce.controller.ApplicationController.list()
2026-05-24T14:17:17.495+05:30  INFO 1368 --- [workforce] [http-nio-9076-exec-4] com.workforce.aspect.LoggingAspect       : CONTROLLER SUCCESS :: ResponseEntity com.workforce.controller.EmployerController.list()
2026-05-24T14:17:17.495+05:30  INFO 1368 --- [workforce] [http-nio-9076-exec-5] com.workforce.aspect.LoggingAspect       : CONTROLLER SUCCESS :: ResponseEntity com.workforce.controller.JobSeekerController.list()
2026-05-24T14:17:17.502+05:30  INFO 1368 --- [workforce] [http-nio-9076-exec-6] com.workforce.aspect.LoggingAspect       : CONTROLLER SUCCESS :: ResponseEntity com.workforce.controller.PlacementController.list()
2026-05-24T14:17:28.276+05:30  INFO 1368 --- [workforce] [http-nio-9076-exec-1] com.workforce.aspect.LoggingAspect       : SERVICE STARTED :: List com.workforce.service.impl.JobSeekerServiceImpl.getAll()
2026-05-24T14:17:28.293+05:30  INFO 1368 --- [workforce] [http-nio-9076-exec-1] com.workforce.aspect.LoggingAspect       : CONTROLLER SUCCESS :: ResponseEntity com.workforce.controller.JobSeekerController.list()
2026-05-24T14:17:28.309+05:30  INFO 1368 --- [workforce] [http-nio-9076-exec-3] com.workforce.aspect.LoggingAspect       : SERVICE STARTED :: List com.workforce.service.impl.JobSeekerServiceImpl.getAll()
2026-05-24T14:17:28.329+05:30  INFO 1368 --- [workforce] [http-nio-9076-exec-3] com.workforce.aspect.LoggingAspect       : CONTROLLER SUCCESS :: ResponseEntity com.workforce.controller.JobSeekerController.list()
2026-05-24T14:17:30.661+05:30  INFO 1368 --- [workforce] [http-nio-9076-exec-5] com.workforce.aspect.LoggingAspect       : SERVICE STARTED :: List com.workforce.service.impl.EmployerServiceImpl.getAll()
2026-05-24T14:17:30.677+05:30  INFO 1368 --- [workforce] [http-nio-9076-exec-5] com.workforce.aspect.LoggingAspect       : CONTROLLER SUCCESS :: ResponseEntity com.workforce.controller.EmployerController.list()
2026-05-24T14:17:30.694+05:30  INFO 1368 --- [workforce] [http-nio-9076-exec-4] com.workforce.aspect.LoggingAspect       : SERVICE STARTED :: List com.workforce.service.impl.EmployerServiceImpl.getAll()
2026-05-24T14:17:30.711+05:30  INFO 1368 --- [workforce] [http-nio-9076-exec-4] com.workforce.aspect.LoggingAspect       : CONTROLLER SUCCESS :: ResponseEntity com.workforce.controller.EmployerController.list()
2026-05-24T14:17:31.977+05:30  INFO 1368 --- [workforce] [http-nio-9076-exec-8] com.workforce.aspect.LoggingAspect       : SERVICE STARTED :: List com.workforce.service.impl.TrainingProgramServiceImpl.getAll()
2026-05-24T14:17:31.994+05:30  INFO 1368 --- [workforce] [http-nio-9076-exec-8] com.workforce.aspect.LoggingAspect       : CONTROLLER SUCCESS :: ResponseEntity com.workforce.controller.TrainingProgramController.list()
2026-05-24T14:17:32.010+05:30  INFO 1368 --- [workforce] [http-nio-9076-exec-9] com.workforce.aspect.LoggingAspect       : SERVICE STARTED :: List com.workforce.service.impl.TrainingProgramServiceImpl.getAll()
2026-05-24T14:17:32.020+05:30  INFO 1368 --- [workforce] [http-nio-9076-exec-9] com.workforce.aspect.LoggingAspect       : CONTROLLER SUCCESS :: ResponseEntity com.workforce.controller.TrainingProgramController.list()
2026-05-24T14:17:33.349+05:30  INFO 1368 --- [workforce] [http-nio-9076-exec-2] com.workforce.aspect.LoggingAspect       : SERVICE STARTED :: List com.workforce.service.impl.PlacementServiceImpl.getAll()
2026-05-24T14:17:33.379+05:30  INFO 1368 --- [workforce] [http-nio-9076-exec-2] com.workforce.aspect.LoggingAspect       : CONTROLLER SUCCESS :: ResponseEntity com.workforce.controller.PlacementController.list()
2026-05-24T14:17:33.395+05:30  INFO 1368 --- [workforce] [http-nio-9076-exec-10] com.workforce.aspect.LoggingAspect       : SERVICE STARTED :: List com.workforce.service.impl.PlacementServiceImpl.getAll()
2026-05-24T14:17:33.412+05:30  INFO 1368 --- [workforce] [http-nio-9076-exec-10] com.workforce.aspect.LoggingAspect       : CONTROLLER SUCCESS :: ResponseEntity com.workforce.controller.PlacementController.list()
2026-05-24T14:17:34.499+05:30  INFO 1368 --- [workforce] [http-nio-9076-exec-3] com.workforce.aspect.LoggingAspect       : SERVICE STARTED :: EmployerReportResponse com.workforce.service.impl.ReportingServiceImpl.employerReport()
2026-05-24T14:17:34.499+05:30  INFO 1368 --- [workforce] [http-nio-9076-exec-10] com.workforce.aspect.LoggingAspect       : SERVICE STARTED :: PlacementReportResponse com.workforce.service.impl.ReportingServiceImpl.placementReport()
2026-05-24T14:17:34.499+05:30  INFO 1368 --- [workforce] [http-nio-9076-exec-9] com.workforce.aspect.LoggingAspect       : SERVICE STARTED :: TrainingReportResponse com.workforce.service.impl.ReportingServiceImpl.trainingReport()
2026-05-24T14:17:34.507+05:30  INFO 1368 --- [workforce] [http-nio-9076-exec-4] com.workforce.aspect.LoggingAspect       : SERVICE STARTED :: JobApplicationReportResponse com.workforce.service.impl.ReportingServiceImpl.jobApplicationReport()
2026-05-24T14:17:34.528+05:30  INFO 1368 --- [workforce] [http-nio-9076-exec-5] com.workforce.aspect.LoggingAspect       : SERVICE STARTED :: ComplianceReportResponse com.workforce.service.impl.ReportingServiceImpl.complianceReport()
2026-05-24T14:17:34.736+05:30  INFO 1368 --- [workforce] [http-nio-9076-exec-3] com.workforce.aspect.LoggingAspect       : CONTROLLER SUCCESS :: APIResponse com.workforce.controller.ReportingController.employers()
2026-05-24T14:17:34.736+05:30  INFO 1368 --- [workforce] [http-nio-9076-exec-10] com.workforce.aspect.LoggingAspect       : CONTROLLER SUCCESS :: APIResponse com.workforce.controller.ReportingController.placements()
2026-05-24T14:17:34.736+05:30  INFO 1368 --- [workforce] [http-nio-9076-exec-9] com.workforce.aspect.LoggingAspect       : CONTROLLER SUCCESS :: APIResponse com.workforce.controller.ReportingController.training()
2026-05-24T14:17:34.741+05:30  INFO 1368 --- [workforce] [http-nio-9076-exec-4] com.workforce.aspect.LoggingAspect       : CONTROLLER SUCCESS :: APIResponse com.workforce.controller.ReportingController.jobApplications()
2026-05-24T14:17:34.763+05:30  INFO 1368 --- [workforce] [http-nio-9076-exec-1] com.workforce.aspect.LoggingAspect       : SERVICE STARTED :: EmployerReportResponse com.workforce.service.impl.ReportingServiceImpl.employerReport()
2026-05-24T14:17:34.763+05:30  INFO 1368 --- [workforce] [http-nio-9076-exec-2] com.workforce.aspect.LoggingAspect       : SERVICE STARTED :: TrainingReportResponse com.workforce.service.impl.ReportingServiceImpl.trainingReport()
2026-05-24T14:17:34.768+05:30  INFO 1368 --- [workforce] [http-nio-9076-exec-7] com.workforce.aspect.LoggingAspect       : SERVICE STARTED :: PlacementReportResponse com.workforce.service.impl.ReportingServiceImpl.placementReport()
2026-05-24T14:17:34.768+05:30  INFO 1368 --- [workforce] [http-nio-9076-exec-8] com.workforce.aspect.LoggingAspect       : SERVICE STARTED :: JobApplicationReportResponse com.workforce.service.impl.ReportingServiceImpl.jobApplicationReport()
2026-05-24T14:17:34.782+05:30  INFO 1368 --- [workforce] [http-nio-9076-exec-5] com.workforce.aspect.LoggingAspect       : CONTROLLER SUCCESS :: APIResponse com.workforce.controller.ReportingController.compliance()
2026-05-24T14:17:34.786+05:30  INFO 1368 --- [workforce] [http-nio-9076-exec-1] com.workforce.aspect.LoggingAspect       : CONTROLLER SUCCESS :: APIResponse com.workforce.controller.ReportingController.employers()
2026-05-24T14:17:34.791+05:30  INFO 1368 --- [workforce] [http-nio-9076-exec-8] com.workforce.aspect.LoggingAspect       : CONTROLLER SUCCESS :: APIResponse com.workforce.controller.ReportingController.jobApplications()
2026-05-24T14:17:34.791+05:30  INFO 1368 --- [workforce] [http-nio-9076-exec-7] com.workforce.aspect.LoggingAspect       : CONTROLLER SUCCESS :: APIResponse com.workforce.controller.ReportingController.placements()
2026-05-24T14:17:34.794+05:30  INFO 1368 --- [workforce] [http-nio-9076-exec-2] com.workforce.aspect.LoggingAspect       : CONTROLLER SUCCESS :: APIResponse com.workforce.controller.ReportingController.training()
2026-05-24T14:17:34.800+05:30  INFO 1368 --- [workforce] [http-nio-9076-exec-6] com.workforce.aspect.LoggingAspect       : SERVICE STARTED :: ComplianceReportResponse com.workforce.service.impl.ReportingServiceImpl.complianceReport()
2026-05-24T14:17:34.827+05:30  INFO 1368 --- [workforce] [http-nio-9076-exec-6] com.workforce.aspect.LoggingAspect       : CONTROLLER SUCCESS :: APIResponse com.workforce.controller.ReportingController.compliance()
2026-05-24T14:17:49.211+05:30  INFO 1368 --- [workforce] [http-nio-9076-exec-3] com.workforce.aspect.LoggingAspect       : SERVICE STARTED :: List com.workforce.service.impl.NotificationServiceImpl.getByUser(String)
2026-05-24T14:17:49.236+05:30  INFO 1368 --- [workforce] [http-nio-9076-exec-3] com.workforce.aspect.LoggingAspect       : CONTROLLER SUCCESS :: APIResponse com.workforce.controller.NotificationController.byUser(String)
2026-05-24T14:18:13.694+05:30  INFO 1368 --- [workforce] [http-nio-9076-exec-5] com.workforce.aspect.LoggingAspect       : SERVICE STARTED :: List com.workforce.service.impl.PlacementServiceImpl.getAll()
2026-05-24T14:18:13.714+05:30  INFO 1368 --- [workforce] [http-nio-9076-exec-5] com.workforce.aspect.LoggingAspect       : CONTROLLER SUCCESS :: ResponseEntity com.workforce.controller.PlacementController.list()
2026-05-24T14:18:13.729+05:30  INFO 1368 --- [workforce] [http-nio-9076-exec-1] com.workforce.aspect.LoggingAspect       : SERVICE STARTED :: List com.workforce.service.impl.PlacementServiceImpl.getAll()
2026-05-24T14:18:13.747+05:30  INFO 1368 --- [workforce] [http-nio-9076-exec-1] com.workforce.aspect.LoggingAspect       : CONTROLLER SUCCESS :: ResponseEntity com.workforce.controller.PlacementController.list()
2026-05-24T14:18:16.368+05:30  INFO 1368 --- [workforce] [http-nio-9076-exec-2] com.workforce.aspect.LoggingAspect       : SERVICE STARTED :: List com.workforce.service.impl.EmployerServiceImpl.getAll()
2026-05-24T14:18:16.383+05:30  INFO 1368 --- [workforce] [http-nio-9076-exec-2] com.workforce.aspect.LoggingAspect       : CONTROLLER SUCCESS :: ResponseEntity com.workforce.controller.EmployerController.list()
2026-05-24T14:18:16.402+05:30  INFO 1368 --- [workforce] [http-nio-9076-exec-6] com.workforce.aspect.LoggingAspect       : SERVICE STARTED :: List com.workforce.service.impl.EmployerServiceImpl.getAll()
2026-05-24T14:18:16.422+05:30  INFO 1368 --- [workforce] [http-nio-9076-exec-6] com.workforce.aspect.LoggingAspect       : CONTROLLER SUCCESS :: ResponseEntity com.workforce.controller.EmployerController.list()
2026-05-24T14:18:19.013+05:30  INFO 1368 --- [workforce] [http-nio-9076-exec-7] com.workforce.aspect.LoggingAspect       : SERVICE STARTED :: List com.workforce.service.impl.JobSeekerServiceImpl.getAll()
2026-05-24T14:18:19.016+05:30  INFO 1368 --- [workforce] [http-nio-9076-exec-2] com.workforce.aspect.LoggingAspect       : SERVICE STARTED :: List com.workforce.service.impl.PlacementServiceImpl.getAll()
2026-05-24T14:18:19.016+05:30  INFO 1368 --- [workforce] [http-nio-9076-exec-8] com.workforce.aspect.LoggingAspect       : SERVICE STARTED :: List com.workforce.service.impl.ApplicationServiceImpl.getAll()
2026-05-24T14:18:19.018+05:30  INFO 1368 --- [workforce] [http-nio-9076-exec-10] com.workforce.aspect.LoggingAspect       : SERVICE STARTED :: List com.workforce.service.impl.EmployerServiceImpl.getAll()
2026-05-24T14:18:19.033+05:30  INFO 1368 --- [workforce] [http-nio-9076-exec-10] com.workforce.aspect.LoggingAspect       : CONTROLLER SUCCESS :: ResponseEntity com.workforce.controller.EmployerController.list()
2026-05-24T14:18:19.037+05:30  INFO 1368 --- [workforce] [http-nio-9076-exec-8] com.workforce.aspect.LoggingAspect       : CONTROLLER SUCCESS :: ResponseEntity com.workforce.controller.ApplicationController.list()
2026-05-24T14:18:19.037+05:30  INFO 1368 --- [workforce] [http-nio-9076-exec-2] com.workforce.aspect.LoggingAspect       : CONTROLLER SUCCESS :: ResponseEntity com.workforce.controller.PlacementController.list()
2026-05-24T14:18:19.045+05:30  INFO 1368 --- [workforce] [http-nio-9076-exec-7] com.workforce.aspect.LoggingAspect       : CONTROLLER SUCCESS :: ResponseEntity com.workforce.controller.JobSeekerController.list()
2026-05-24T14:18:19.054+05:30  INFO 1368 --- [workforce] [http-nio-9076-exec-6] com.workforce.aspect.LoggingAspect       : SERVICE STARTED :: List com.workforce.service.impl.EmployerServiceImpl.getAll()
2026-05-24T14:18:19.054+05:30  INFO 1368 --- [workforce] [http-nio-9076-exec-3] com.workforce.aspect.LoggingAspect       : SERVICE STARTED :: List com.workforce.service.impl.ApplicationServiceImpl.getAll()
2026-05-24T14:18:19.058+05:30  INFO 1368 --- [workforce] [http-nio-9076-exec-9] com.workforce.aspect.LoggingAspect       : SERVICE STARTED :: List com.workforce.service.impl.PlacementServiceImpl.getAll()
2026-05-24T14:18:19.066+05:30  INFO 1368 --- [workforce] [http-nio-9076-exec-4] com.workforce.aspect.LoggingAspect       : SERVICE STARTED :: List com.workforce.service.impl.JobSeekerServiceImpl.getAll()
2026-05-24T14:18:19.072+05:30  INFO 1368 --- [workforce] [http-nio-9076-exec-3] com.workforce.aspect.LoggingAspect       : CONTROLLER SUCCESS :: ResponseEntity com.workforce.controller.ApplicationController.list()
2026-05-24T14:18:19.074+05:30  INFO 1368 --- [workforce] [http-nio-9076-exec-9] com.workforce.aspect.LoggingAspect       : CONTROLLER SUCCESS :: ResponseEntity com.workforce.controller.PlacementController.list()
2026-05-24T14:18:19.076+05:30  INFO 1368 --- [workforce] [http-nio-9076-exec-6] com.workforce.aspect.LoggingAspect       : CONTROLLER SUCCESS :: ResponseEntity com.workforce.controller.EmployerController.list()
2026-05-24T14:18:19.086+05:30  INFO 1368 --- [workforce] [http-nio-9076-exec-4] com.workforce.aspect.LoggingAspect       : CONTROLLER SUCCESS :: ResponseEntity com.workforce.controller.JobSeekerController.list()
2026-05-24T14:26:49.680+05:30  INFO 1368 --- [workforce] [File Watcher] rtingClassPathChangeChangedEventListener : Restarting due to 172 class path changes (0 additions, 172 deletions, 0 modifications)
2026-05-24T14:26:49.996+05:30  INFO 1368 --- [workforce] [Thread-5] o.s.b.w.e.tomcat.GracefulShutdown        : Commencing graceful shutdown. Waiting for active requests to complete
2026-05-24T14:26:50.127+05:30  INFO 1368 --- [workforce] [tomcat-shutdown] o.s.b.w.e.tomcat.GracefulShutdown        : Graceful shutdown complete
2026-05-24T14:26:50.261+05:30  INFO 1368 --- [workforce] [Thread-5] j.LocalContainerEntityManagerFactoryBean : Closing JPA EntityManagerFactory for persistence unit 'default'
2026-05-24T14:26:50.504+05:30  INFO 1368 --- [workforce] [Thread-5] com.zaxxer.hikari.HikariDataSource       : HikariPool-1 - Shutdown initiated...
2026-05-24T14:26:50.628+05:30  INFO 1368 --- [workforce] [Thread-5] com.zaxxer.hikari.HikariDataSource       : HikariPool-1 - Shutdown completed.
2026-05-24T14:26:55.735+05:30  INFO 1368 --- [workforce] [restartedMain] com.workforce.WorkforceApplication       : Starting WorkforceApplication using Java 21.0.6 with PID 1368 (D:\projects\workforce\backend\target\classes started by Omkar in D:\projects\workforce\backend)
2026-05-24T14:26:55.735+05:30  INFO 1368 --- [workforce] [restartedMain] com.workforce.WorkforceApplication       : No active profile set, falling back to 1 default profile: "default"
2026-05-24T14:26:56.296+05:30  INFO 1368 --- [workforce] [restartedMain] .s.d.r.c.RepositoryConfigurationDelegate : Bootstrapping Spring Data JPA repositories in DEFAULT mode.
2026-05-24T14:26:56.458+05:30  INFO 1368 --- [workforce] [restartedMain] .s.d.r.c.RepositoryConfigurationDelegate : Finished Spring Data repository scanning in 159 ms. Found 17 JPA repository interfaces.
2026-05-24T14:26:56.774+05:30  INFO 1368 --- [workforce] [restartedMain] o.s.b.w.embedded.tomcat.TomcatWebServer  : Tomcat initialized with port 9076 (http)
2026-05-24T14:26:56.778+05:30  INFO 1368 --- [workforce] [restartedMain] o.apache.catalina.core.StandardService   : Starting service [Tomcat]
2026-05-24T14:26:56.778+05:30  INFO 1368 --- [workforce] [restartedMain] o.apache.catalina.core.StandardEngine    : Starting Servlet engine: [Apache Tomcat/10.1.52]
2026-05-24T14:26:56.932+05:30  INFO 1368 --- [workforce] [restartedMain] o.a.c.c.C.[Tomcat-1].[localhost].[/]     : Initializing Spring embedded WebApplicationContext
2026-05-24T14:26:56.932+05:30  INFO 1368 --- [workforce] [restartedMain] w.s.c.ServletWebServerApplicationContext : Root WebApplicationContext: initialization completed in 1193 ms
2026-05-24T14:26:57.127+05:30  INFO 1368 --- [workforce] [restartedMain] o.hibernate.jpa.internal.util.LogHelper  : HHH000204: Processing PersistenceUnitInfo [name: default]
2026-05-24T14:26:57.143+05:30  INFO 1368 --- [workforce] [restartedMain] o.h.c.internal.RegionFactoryInitiator    : HHH000026: Second-level cache disabled
2026-05-24T14:26:57.175+05:30  INFO 1368 --- [workforce] [restartedMain] o.s.o.j.p.SpringPersistenceUnitInfo      : No LoadTimeWeaver setup: ignoring JPA class transformer
2026-05-24T14:26:57.175+05:30  INFO 1368 --- [workforce] [restartedMain] com.zaxxer.hikari.HikariDataSource       : HikariPool-2 - Starting...
2026-05-24T14:26:57.351+05:30  INFO 1368 --- [workforce] [restartedMain] com.zaxxer.hikari.pool.HikariPool        : HikariPool-2 - Added connection org.postgresql.jdbc.PgConnection@7d4bfb22
2026-05-24T14:26:57.351+05:30  INFO 1368 --- [workforce] [restartedMain] com.zaxxer.hikari.HikariDataSource       : HikariPool-2 - Start completed.
2026-05-24T14:26:57.401+05:30  INFO 1368 --- [workforce] [restartedMain] org.hibernate.orm.connections.pooling    : HHH10001005: Database info:
	Database JDBC URL [Connecting through datasource 'HikariDataSource (HikariPool-2)']
	Database driver: undefined/unknown
	Database version: 17.7
	Autocommit mode: undefined/unknown
	Isolation level: undefined/unknown
	Minimum pool size: undefined/unknown
	Maximum pool size: undefined/unknown
2026-05-24T14:26:58.265+05:30  INFO 1368 --- [workforce] [restartedMain] o.h.e.t.j.p.i.JtaPlatformInitiator       : HHH000489: No JTA platform available (set 'hibernate.transaction.jta.platform' to enable JTA platform integration)
2026-05-24T14:26:58.733+05:30  INFO 1368 --- [workforce] [restartedMain] j.LocalContainerEntityManagerFactoryBean : Initialized JPA EntityManagerFactory for persistence unit 'default'
2026-05-24T14:27:01.319+05:30  INFO 1368 --- [workforce] [restartedMain] r$InitializeUserDetailsManagerConfigurer : Global AuthenticationManager configured with UserDetailsService bean with name userDetailsService
2026-05-24T14:27:02.018+05:30  INFO 1368 --- [workforce] [restartedMain] o.s.b.d.a.OptionalLiveReloadServer       : LiveReload server is running on port 35729
2026-05-24T14:27:02.059+05:30  INFO 1368 --- [workforce] [restartedMain] o.s.b.w.embedded.tomcat.TomcatWebServer  : Tomcat started on port 9076 (http) with context path '/'
2026-05-24T14:27:02.068+05:30  INFO 1368 --- [workforce] [restartedMain] com.workforce.WorkforceApplication       : Started WorkforceApplication in 6.405 seconds (process running for 900.476)
2026-05-24T14:27:02.074+05:30  INFO 1368 --- [workforce] [restartedMain] .ConditionEvaluationDeltaLoggingListener : Condition evaluation unchanged
